<?xml version="1.0" encoding="UTF-8"?>
<!-- Generated by org.testng.reporters.JUnitReportReporter -->
<testsuite hostname="Ankits-MacBook-Pro.local" failures="0" tests="1" name="Setup.ExtentRepo" time="0.403" errors="0" timestamp="2020-10-30T16:41:55 EDT" skipped="0">
  <testcase classname="Setup.ExtentRepo" name="loginTest" time="0.403"/>
  <system-out/>
</testsuite> <!-- Setup.ExtentRepo -->
