<?xml version="1.0" encoding="UTF-8"?>
<!-- Generated by org.testng.reporters.JUnitReportReporter -->
<testsuite hostname="Ankits-MacBook-Pro.local" failures="0" tests="2" name="tests.ParallelTests" time="6.907" errors="0" timestamp="2020-10-30T13:58:08 EDT" skipped="0">
  <testcase classname="tests.ParallelTests" name="runChrome" time="2.728"/>
  <system-out/>
  <testcase classname="tests.ParallelTests" name="runFirefox" time="4.179"/>
  <system-out/>
</testsuite> <!-- tests.ParallelTests -->
