<?xml version="1.0" encoding="UTF-8"?>
<!-- Generated by org.testng.reporters.JUnitReportReporter -->
<testsuite hostname="Ankits-MacBook-Pro.local" failures="0" tests="2" name="tests.AutoCompleteTest" time="7.552" errors="0" timestamp="2020-11-03T10:26:46 EST" skipped="0">
  <testcase classname="tests.AutoCompleteTest" name="runChrome" time="3.071"/>
  <system-out/>
  <testcase classname="tests.AutoCompleteTest" name="runFirefox" time="4.481"/>
  <system-out/>
</testsuite> <!-- tests.AutoCompleteTest -->
